c:\users\hedwi\documents\of_v0.9.8_vs_release\apps\ixd3_tech_1617\klamerhedwig_iad3_les3_v1\obj\debug\jsoncpp.obj
c:\users\hedwi\documents\of_v0.9.8_vs_release\apps\ixd3_tech_1617\klamerhedwig_iad3_les3_v1\obj\debug\sqlitecpputils.obj
c:\users\hedwi\documents\of_v0.9.8_vs_release\apps\ixd3_tech_1617\klamerhedwig_iad3_les3_v1\obj\debug\backup.obj
c:\users\hedwi\documents\of_v0.9.8_vs_release\apps\ixd3_tech_1617\klamerhedwig_iad3_les3_v1\obj\debug\database.obj
c:\users\hedwi\documents\of_v0.9.8_vs_release\apps\ixd3_tech_1617\klamerhedwig_iad3_les3_v1\obj\debug\transaction.obj
c:\users\hedwi\documents\of_v0.9.8_vs_release\apps\ixd3_tech_1617\klamerhedwig_iad3_les3_v1\obj\debug\ofxjsonelement.obj
c:\users\hedwi\documents\of_v0.9.8_vs_release\apps\ixd3_tech_1617\klamerhedwig_iad3_les3_v1\obj\debug\column.obj
c:\users\hedwi\documents\of_v0.9.8_vs_release\apps\ixd3_tech_1617\klamerhedwig_iad3_les3_v1\obj\debug\statement.obj
c:\users\hedwi\documents\of_v0.9.8_vs_release\apps\ixd3_tech_1617\klamerhedwig_iad3_les3_v1\obj\debug\ofapp.obj
c:\users\hedwi\documents\of_v0.9.8_vs_release\apps\ixd3_tech_1617\klamerhedwig_iad3_les3_v1\obj\debug\main.obj
c:\users\hedwi\documents\of_v0.9.8_vs_release\apps\ixd3_tech_1617\klamerhedwig_iad3_les3_v1\obj\debug\vc140.pdb
c:\users\hedwi\documents\of_v0.9.8_vs_release\apps\ixd3_tech_1617\klamerhedwig_iad3_les3_v1\obj\debug\sqlite3.obj
c:\users\hedwi\documents\of_v0.9.8_vs_release\apps\ixd3_tech_1617\klamerhedwig_iad3_les3_v1\obj\debug\icon.res
c:\users\hedwi\documents\of_v0.9.8_vs_release\apps\ixd3_tech_1617\klamerhedwig_iad3_les3_v1\bin\klamerhedwig_iad3_les3_v1_debug.exe
c:\users\hedwi\documents\of_v0.9.8_vs_release\apps\ixd3_tech_1617\klamerhedwig_iad3_les3_v1\obj\debug\klamerhe.7fd42df7.tlog\cl.command.1.tlog
c:\users\hedwi\documents\of_v0.9.8_vs_release\apps\ixd3_tech_1617\klamerhedwig_iad3_les3_v1\obj\debug\klamerhe.7fd42df7.tlog\cl.read.1.tlog
c:\users\hedwi\documents\of_v0.9.8_vs_release\apps\ixd3_tech_1617\klamerhedwig_iad3_les3_v1\obj\debug\klamerhe.7fd42df7.tlog\cl.write.1.tlog
c:\users\hedwi\documents\of_v0.9.8_vs_release\apps\ixd3_tech_1617\klamerhedwig_iad3_les3_v1\obj\debug\klamerhe.7fd42df7.tlog\link.command.1.tlog
c:\users\hedwi\documents\of_v0.9.8_vs_release\apps\ixd3_tech_1617\klamerhedwig_iad3_les3_v1\obj\debug\klamerhe.7fd42df7.tlog\link.read.1.tlog
c:\users\hedwi\documents\of_v0.9.8_vs_release\apps\ixd3_tech_1617\klamerhedwig_iad3_les3_v1\obj\debug\klamerhe.7fd42df7.tlog\link.write.1.tlog
c:\users\hedwi\documents\of_v0.9.8_vs_release\apps\ixd3_tech_1617\klamerhedwig_iad3_les3_v1\obj\debug\klamerhe.7fd42df7.tlog\rc.command.1.tlog
c:\users\hedwi\documents\of_v0.9.8_vs_release\apps\ixd3_tech_1617\klamerhedwig_iad3_les3_v1\obj\debug\klamerhe.7fd42df7.tlog\rc.read.1.tlog
c:\users\hedwi\documents\of_v0.9.8_vs_release\apps\ixd3_tech_1617\klamerhedwig_iad3_les3_v1\obj\debug\klamerhe.7fd42df7.tlog\rc.write.1.tlog
